{"C:\\Users\\Shixel Studios\\Desktop\\CICD_TDD_Tutorial\\quickSort.js": {"path":"C:\\Users\\Shixel Studios\\Desktop\\CICD_TDD_Tutorial\\quickSort.js","statementMap":{"0":{"start":{"line":2,"column":4},"end":{"line":8,"column":5}},"1":{"start":{"line":3,"column":8},"end":{"line":3,"column":19}},"2":{"start":{"line":5,"column":22},"end":{"line":5,"column":48}},"3":{"start":{"line":6,"column":8},"end":{"line":6,"column":35}},"4":{"start":{"line":7,"column":8},"end":{"line":7,"column":35}},"5":{"start":{"line":12,"column":23},"end":{"line":12,"column":28}},"6":{"start":{"line":13,"column":23},"end":{"line":13,"column":31}},"7":{"start":{"line":14,"column":4},"end":{"line":19,"column":5}},"8":{"start":{"line":14,"column":17},"end":{"line":14,"column":22}},"9":{"start":{"line":15,"column":8},"end":{"line":18,"column":9}},"10":{"start":{"line":16,"column":12},"end":{"line":16,"column":36}},"11":{"start":{"line":17,"column":12},"end":{"line":17,"column":24}},"12":{"start":{"line":20,"column":4},"end":{"line":20,"column":31}},"13":{"start":{"line":21,"column":4},"end":{"line":21,"column":22}},"14":{"start":{"line":25,"column":17},"end":{"line":25,"column":23}},"15":{"start":{"line":26,"column":4},"end":{"line":26,"column":20}},"16":{"start":{"line":27,"column":4},"end":{"line":27,"column":18}},"17":{"start":{"line":30,"column":0},"end":{"line":30,"column":27}},"18":{"start":{"line":31,"column":0},"end":{"line":31,"column":27}},"19":{"start":{"line":32,"column":0},"end":{"line":32,"column":22}}},"fnMap":{"0":{"name":"quickSort","decl":{"start":{"line":1,"column":9},"end":{"line":1,"column":18}},"loc":{"start":{"line":1,"column":36},"end":{"line":9,"column":1}},"line":1},"1":{"name":"partition","decl":{"start":{"line":11,"column":9},"end":{"line":11,"column":18}},"loc":{"start":{"line":11,"column":36},"end":{"line":22,"column":1}},"line":11},"2":{"name":"swap","decl":{"start":{"line":24,"column":9},"end":{"line":24,"column":13}},"loc":{"start":{"line":24,"column":24},"end":{"line":28,"column":1}},"line":24}},"branchMap":{"0":{"loc":{"start":{"line":2,"column":4},"end":{"line":8,"column":5}},"type":"if","locations":[{"start":{"line":2,"column":4},"end":{"line":8,"column":5}},{"start":{"line":2,"column":4},"end":{"line":8,"column":5}}],"line":2},"1":{"loc":{"start":{"line":15,"column":8},"end":{"line":18,"column":9}},"type":"if","locations":[{"start":{"line":15,"column":8},"end":{"line":18,"column":9}},{"start":{"line":15,"column":8},"end":{"line":18,"column":9}}],"line":15}},"s":{"0":0,"1":0,"2":0,"3":0,"4":0,"5":0,"6":0,"7":0,"8":0,"9":0,"10":0,"11":0,"12":0,"13":0,"14":1,"15":1,"16":1,"17":1,"18":1,"19":1},"f":{"0":0,"1":0,"2":1},"b":{"0":[0,0],"1":[0,0]},"_coverageSchema":"43e27e138ebf9cfc5966b082cf9a028302ed4184","hash":"233ce4fca82cb61c61f38bb701e8501abe363aa0"}
,"C:\\Users\\Shixel Studios\\Desktop\\CICD_TDD_Tutorial\\whatFlavors.js": {"path":"C:\\Users\\Shixel Studios\\Desktop\\CICD_TDD_Tutorial\\whatFlavors.js","statementMap":{"0":{"start":{"line":3,"column":4},"end":{"line":13,"column":5}},"1":{"start":{"line":3,"column":17},"end":{"line":3,"column":18}},"2":{"start":{"line":4,"column":19},"end":{"line":4,"column":26}},"3":{"start":{"line":7,"column":20},"end":{"line":7,"column":51}},"4":{"start":{"line":8,"column":8},"end":{"line":12,"column":9}},"5":{"start":{"line":9,"column":12},"end":{"line":9,"column":42}},"6":{"start":{"line":10,"column":12},"end":{"line":10,"column":38}},"7":{"start":{"line":11,"column":12},"end":{"line":11,"column":18}},"8":{"start":{"line":14,"column":4},"end":{"line":14,"column":18}},"9":{"start":{"line":17,"column":0},"end":{"line":17,"column":29}},"10":{"start":{"line":19,"column":0},"end":{"line":19,"column":84}}},"fnMap":{"0":{"name":"whatFlavors","decl":{"start":{"line":1,"column":9},"end":{"line":1,"column":20}},"loc":{"start":{"line":1,"column":34},"end":{"line":15,"column":1}},"line":1}},"branchMap":{"0":{"loc":{"start":{"line":8,"column":8},"end":{"line":12,"column":9}},"type":"if","locations":[{"start":{"line":8,"column":8},"end":{"line":12,"column":9}},{"start":{"line":8,"column":8},"end":{"line":12,"column":9}}],"line":8}},"s":{"0":3,"1":3,"2":3,"3":3,"4":3,"5":3,"6":3,"7":3,"8":3,"9":1,"10":1},"f":{"0":3},"b":{"0":[3,0]},"_coverageSchema":"43e27e138ebf9cfc5966b082cf9a028302ed4184","hash":"a1527af10f3759a192ad2929841ddc909721ae95"}
,"C:\\Users\\Shixel Studios\\Desktop\\CICD_TDD_Tutorial\\whatFlavorsWithHash.js": {"path":"C:\\Users\\Shixel Studios\\Desktop\\CICD_TDD_Tutorial\\whatFlavorsWithHash.js","statementMap":{"0":{"start":{"line":2,"column":17},"end":{"line":2,"column":19}},"1":{"start":{"line":4,"column":4},"end":{"line":9,"column":5}},"2":{"start":{"line":4,"column":17},"end":{"line":4,"column":18}},"3":{"start":{"line":5,"column":8},"end":{"line":7,"column":9}},"4":{"start":{"line":6,"column":12},"end":{"line":6,"column":31}},"5":{"start":{"line":8,"column":8},"end":{"line":8,"column":32}},"6":{"start":{"line":11,"column":4},"end":{"line":21,"column":5}},"7":{"start":{"line":11,"column":17},"end":{"line":11,"column":18}},"8":{"start":{"line":12,"column":28},"end":{"line":12,"column":49}},"9":{"start":{"line":13,"column":8},"end":{"line":20,"column":9}},"10":{"start":{"line":14,"column":12},"end":{"line":19,"column":13}},"11":{"start":{"line":14,"column":25},"end":{"line":14,"column":26}},"12":{"start":{"line":15,"column":32},"end":{"line":15,"column":46}},"13":{"start":{"line":16,"column":16},"end":{"line":18,"column":17}},"14":{"start":{"line":17,"column":20},"end":{"line":17,"column":44}},"15":{"start":{"line":23,"column":4},"end":{"line":23,"column":18}},"16":{"start":{"line":26,"column":0},"end":{"line":26,"column":37}},"17":{"start":{"line":28,"column":0},"end":{"line":28,"column":86}},"18":{"start":{"line":30,"column":0},"end":{"line":30,"column":49}},"19":{"start":{"line":32,"column":0},"end":{"line":32,"column":52}}},"fnMap":{"0":{"name":"whatFlavorsWithHash","decl":{"start":{"line":1,"column":9},"end":{"line":1,"column":28}},"loc":{"start":{"line":1,"column":42},"end":{"line":24,"column":1}},"line":1}},"branchMap":{"0":{"loc":{"start":{"line":5,"column":8},"end":{"line":7,"column":9}},"type":"if","locations":[{"start":{"line":5,"column":8},"end":{"line":7,"column":9}},{"start":{"line":5,"column":8},"end":{"line":7,"column":9}}],"line":5},"1":{"loc":{"start":{"line":13,"column":8},"end":{"line":20,"column":9}},"type":"if","locations":[{"start":{"line":13,"column":8},"end":{"line":20,"column":9}},{"start":{"line":13,"column":8},"end":{"line":20,"column":9}}],"line":13},"2":{"loc":{"start":{"line":16,"column":16},"end":{"line":18,"column":17}},"type":"if","locations":[{"start":{"line":16,"column":16},"end":{"line":18,"column":17}},{"start":{"line":16,"column":16},"end":{"line":18,"column":17}}],"line":16}},"s":{"0":5,"1":5,"2":5,"3":46,"4":29,"5":46,"6":5,"7":5,"8":46,"9":46,"10":14,"11":14,"12":16,"13":16,"14":10,"15":5,"16":1,"17":1,"18":1,"19":1},"f":{"0":5},"b":{"0":[29,17],"1":[14,32],"2":[10,6]},"_coverageSchema":"43e27e138ebf9cfc5966b082cf9a028302ed4184","hash":"eab3d0ba0ab1a906517c6797d6f6d0f1ffde1772"}
}
