TN:
SF:C:\Users\Shixel Studios\Desktop\CICD_TDD_Tutorial\quickSort.js
FN:1,quickSort
FN:11,partition
FN:24,swap
FNF:3
FNH:1
FNDA:0,quickSort
FNDA:0,partition
FNDA:1,swap
DA:2,0
DA:3,0
DA:5,0
DA:6,0
DA:7,0
DA:12,0
DA:13,0
DA:14,0
DA:15,0
DA:16,0
DA:17,0
DA:20,0
DA:21,0
DA:25,1
DA:26,1
DA:27,1
DA:30,1
DA:31,1
DA:32,1
LF:19
LH:6
BRDA:2,0,0,0
BRDA:2,0,1,0
BRDA:15,1,0,0
BRDA:15,1,1,0
BRF:4
BRH:0
end_of_record
TN:
SF:C:\Users\Shixel Studios\Desktop\CICD_TDD_Tutorial\whatFlavors.js
FN:1,whatFlavors
FNF:1
FNH:1
FNDA:3,whatFlavors
DA:3,3
DA:4,3
DA:7,3
DA:8,3
DA:9,3
DA:10,3
DA:11,3
DA:14,3
DA:17,1
DA:19,1
LF:10
LH:10
BRDA:8,0,0,3
BRDA:8,0,1,0
BRF:2
BRH:1
end_of_record
TN:
SF:C:\Users\Shixel Studios\Desktop\CICD_TDD_Tutorial\whatFlavorsWithHash.js
FN:1,whatFlavorsWithHash
FNF:1
FNH:1
FNDA:5,whatFlavorsWithHash
DA:2,5
DA:4,5
DA:5,46
DA:6,29
DA:8,46
DA:11,5
DA:12,46
DA:13,46
DA:14,14
DA:15,16
DA:16,16
DA:17,10
DA:23,5
DA:26,1
DA:28,1
DA:30,1
DA:32,1
LF:17
LH:17
BRDA:5,0,0,29
BRDA:5,0,1,17
BRDA:13,1,0,14
BRDA:13,1,1,32
BRDA:16,2,0,10
BRDA:16,2,1,6
BRF:6
BRH:6
end_of_record
